INFO 08/12 09:40:33 PM You're analyzing wiki lists and tables of wiki chapter: en, source: BaseballPlayer
INFO 08/12 09:40:33 PM There are 0 sections and sections without mapping rules
INFO 08/12 09:40:33 PM There are 0 headers and sections without mapping rules
INFO 08/12 09:40:33 PM There are 0 list sections extracted
INFO 08/12 09:40:33 PM There are 0 list sections found
INFO 08/12 09:40:33 PM End Of File reached, now you can serialize the graph
WARNING 08/12 09:40:33 PM Nothing to serialize, you have to choose right scope or resource,or something went wrong scraping tables
INFO 08/12 09:40:33 PM REPORT:
INFO 08/12 09:40:33 PM +           Total # resources analyzed: 0
INFO 08/12 09:40:33 PM +           Total # tables found : 0
INFO 08/12 09:40:33 PM +           Total # tables analyzed : 0
INFO 08/12 09:40:33 PM +           Total # of table rows extracted: 0
INFO 08/12 09:40:33 PM +           Total # of table data cells extracted : 0
INFO 08/12 09:40:33 PM +           Total # of exceptions extracting table's data : 0
INFO 08/12 09:40:33 PM +           Total # of 'header not resolved' errors : 0
INFO 08/12 09:40:33 PM +           Total # of 'no headers' errors : 0
INFO 08/12 09:40:33 PM +           Total # of list sections found : 0
INFO 08/12 09:40:33 PM +           Total # of 'no mapping rule' errors for section : 0
INFO 08/12 09:40:33 PM +           Total # of 'no mapping rule' errors for headers : 0
INFO 08/12 09:40:33 PM +           Total # of data cells extracted that needs to be mapped: 0
INFO 08/12 09:40:33 PM +           Total # of table's rows triples serialized : 0
INFO 08/12 09:40:33 PM +           Total # of table's cells triples serialized : 0
INFO 08/12 09:40:33 PM +           Total # of triples serialized : 0
INFO 08/12 09:40:33 PM +           Percentage of table mapping effectiveness  : 0.000
INFO 08/12 09:40:33 PM +           Total # of lists elements found : 0
INFO 08/12 09:40:33 PM +           Total # of list elements extracted : 0
INFO 08/12 09:40:33 PM +           Percentage of list mapping effectiveness  : 0.000
INFO 08/12 09:41:50 PM You're analyzing wiki lists and tables of wiki chapter: en, source: BaseballPlayer
INFO 08/12 09:41:50 PM Analyzing Mike_Trout
INFO 08/12 09:41:51 PM Analyzing resource: Mike_Trout
INFO 08/12 09:41:51 PM Table under section: Statistical achievements
INFO 08/12 09:41:51 PM Headers Found
INFO 08/12 09:41:51 PM Data refined
INFO 08/12 09:41:51 PM Rows extracted: 12
INFO 08/12 09:41:51 PM Data extracted for this table: 36
INFO 08/12 09:41:51 PM Header: Category mapped with: category
INFO 08/12 09:41:52 PM Header: Times mapped with: Count
INFO 08/12 09:41:52 PM Header: Seasons mapped with: BaseballSeason
INFO 08/12 09:42:12 PM Lists found under Sections: ['Awards and achievements - Awards and exhibition team selections', 'See also', 'External links']
INFO 08/12 09:42:27 PM Analyzing Babe_Ruth
INFO 08/12 09:42:28 PM Analyzing resource: Babe_Ruth
INFO 08/12 09:42:28 PM No Tables found for this resource.
INFO 08/12 09:42:31 PM Lists found under Sections: ['See also', 'Bibliography', 'Further reading - Articles', 'Further reading - Books', 'External links']
INFO 08/12 09:42:31 PM Analyzing Cy_Young
INFO 08/12 09:42:32 PM Analyzing resource: Cy_Young
INFO 08/12 09:42:32 PM No Tables found for this resource.
INFO 08/12 09:42:36 PM Lists found under Sections: ['See also', 'Notes', 'External links']
INFO 08/12 09:42:36 PM Analyzing Jake_Arrieta
INFO 08/12 09:42:36 PM Analyzing resource: Jake_Arrieta
INFO 08/12 09:42:36 PM Table under section: Accomplishments and awards
INFO 08/12 09:42:36 PM Headers Found
INFO 08/12 09:42:36 PM Data refined
INFO 08/12 09:42:36 PM Rows extracted: 26
INFO 08/12 09:42:36 PM Data extracted for this table: 78
INFO 08/12 09:42:36 PM Header: Award/Honor mapped with: award
INFO 08/12 09:42:37 PM Header: Date mapped with: date
INFO 08/12 09:42:37 PM Header: Ref mapped with: reference
INFO 08/12 09:43:08 PM Lists found under Sections: ['External links']
INFO 08/12 09:43:08 PM Analyzing Zack_Greinke
INFO 08/12 09:43:09 PM Analyzing resource: Zack_Greinke
INFO 08/12 09:43:09 PM No Tables found for this resource.
INFO 08/12 09:43:12 PM Lists found under Sections: ['Pitching style', 'See also']
INFO 08/12 09:43:16 PM Analyzing Jackie_Robinson
INFO 08/12 09:43:17 PM Analyzing resource: Jackie_Robinson
INFO 08/12 09:43:17 PM No Tables found for this resource.
INFO 08/12 09:43:21 PM Lists found under Sections: ['Legacy - Portrayals on stage, film and television', 'See also', 'References - Bibliography', 'Further reading', 'External links']
INFO 08/12 09:43:26 PM Analyzing Bryce_Harper
INFO 08/12 09:43:27 PM Analyzing resource: Bryce_Harper
INFO 08/12 09:43:27 PM Table under section: Career accomplishments
INFO 08/12 09:43:27 PM Headers Found
INFO 08/12 09:43:27 PM Data refined
INFO 08/12 09:43:27 PM Rows extracted: 25
INFO 08/12 09:43:27 PM Data extracted for this table: 75
INFO 08/12 09:43:27 PM Header: Year mapped with: Year
INFO 08/12 09:43:27 PM Header: Award / Honor mapped with: award
INFO 08/12 09:43:27 PM Header: Refs mapped with: reference
INFO 08/12 09:43:42 PM Lists found under Sections: ['External links']
INFO 08/12 09:43:42 PM Analyzing Barry_Bonds
INFO 08/12 09:43:43 PM Analyzing resource: Barry_Bonds
INFO 08/12 09:43:43 PM Table under section: Other accomplishments
INFO 08/12 09:43:43 PM Headers Found
INFO 08/12 09:43:43 PM Data refined
INFO 08/12 09:43:43 PM Rows extracted: 13
INFO 08/12 09:43:43 PM Data extracted for this table: 39
INFO 08/12 09:43:43 PM Header: Category mapped with: category
INFO 08/12 09:43:43 PM Header: Times mapped with: Count
INFO 08/12 09:43:43 PM Header: Seasons mapped with: BaseballSeason
INFO 08/12 09:43:43 PM Table under section: Other accomplishments
INFO 08/12 09:43:43 PM Headers Found
INFO 08/12 09:43:43 PM Data refined
INFO 08/12 09:43:43 PM Rows extracted: 7
INFO 08/12 09:43:43 PM Data extracted for this table: 28
INFO 08/12 09:43:43 PM Header: Award mapped with: Award
INFO 08/12 09:43:43 PM Header: # of Times mapped with: count
INFO 08/12 09:43:43 PM Header: Dates mapped with: TimePeriod
INFO 08/12 09:43:43 PM Header: Refs mapped with: reference
INFO 08/12 09:43:46 PM Lists found under Sections: ['Career distinctions - Records held', 'Career distinctions - Records shared', 'Career distinctions - Other accomplishments', 'See also', 'External links']
INFO 08/12 09:43:52 PM Analyzing Clayton_Kershaw
INFO 08/12 09:43:52 PM Analyzing resource: Clayton_Kershaw
INFO 08/12 09:43:52 PM Table under section: Awards
INFO 08/12 09:43:52 PM Headers Found
INFO 08/12 09:43:52 PM Data refined
INFO 08/12 09:43:52 PM Rows extracted: 22
INFO 08/12 09:43:52 PM Data extracted for this table: 88
INFO 08/12 09:43:52 PM Header: Name of award mapped with: award
INFO 08/12 09:43:52 PM Header: Times mapped with: Count
INFO 08/12 09:43:52 PM Header: Dates mapped with: TimePeriod
INFO 08/12 09:43:52 PM Header: Ref mapped with: reference
INFO 08/12 09:43:52 PM Table under section: Annual statistical achievements
INFO 08/12 09:43:52 PM Headers Found
INFO 08/12 09:43:52 PM Data refined
INFO 08/12 09:43:52 PM Rows extracted: 10
INFO 08/12 09:43:52 PM Data extracted for this table: 30
INFO 08/12 09:43:52 PM Header: Category mapped with: category
INFO 08/12 09:43:52 PM Header: Times mapped with: Count
INFO 08/12 09:43:52 PM Header: Dates mapped with: TimePeriod
INFO 08/12 09:43:56 PM Lists found under Sections: ['See also', 'External links']
INFO 08/12 09:43:56 PM Analyzing Hank_Aaron
INFO 08/12 09:43:57 PM Analyzing resource: Hank_Aaron
INFO 08/12 09:43:57 PM No Tables found for this resource.
INFO 08/12 09:44:00 PM Lists found under Sections: ['See also', 'References', 'External links']
INFO 08/12 09:44:00 PM Analyzing Derek_Jeter
INFO 08/12 09:44:01 PM Analyzing resource: Derek_Jeter
INFO 08/12 09:44:01 PM Table under section: Awards
INFO 08/12 09:44:01 PM Headers Found
INFO 08/12 09:44:01 PM Data refined
INFO 08/12 09:44:01 PM Rows extracted: 40
INFO 08/12 09:44:01 PM Data extracted for this table: 120
INFO 08/12 09:44:01 PM Header: Award / Honor mapped with: award
INFO 08/12 09:44:01 PM Header: Time(s) mapped with: time
INFO 08/12 09:44:01 PM Header: Date(s) mapped with: date
INFO 08/12 09:44:05 PM Lists found under Sections: ['Career highlights - Statistical highlights', 'See also', 'Further reading', 'External links']
INFO 08/12 09:44:06 PM Analyzing Miguel_Cabrera
INFO 08/12 09:44:06 PM Analyzing resource: Miguel_Cabrera
INFO 08/12 09:44:06 PM No Tables found for this resource.
INFO 08/12 09:44:10 PM Lists found under Sections: ['Awards and highlights', 'See also', 'External links']
INFO 08/12 09:44:19 PM Analyzing Stan_Musial
INFO 08/12 09:44:20 PM Analyzing resource: Stan_Musial
INFO 08/12 09:44:20 PM Table under section: Hitting
DEBUG 08/12 09:44:20 PM  E2 Unable to find headers - resource: Stan_Musial
INFO 08/12 09:44:20 PM Table under section: Fielding
DEBUG 08/12 09:44:20 PM  E2 Unable to find headers - resource: Stan_Musial
INFO 08/12 09:44:20 PM Table under section: Value
DEBUG 08/12 09:44:20 PM  E2 Unable to find headers - resource: Stan_Musial
INFO 08/12 09:44:23 PM Lists found under Sections: ['See also', 'Bibliography', 'External links']
INFO 08/12 09:44:23 PM Analyzing John_McGraw
INFO 08/12 09:44:24 PM Analyzing resource: John_McGraw
INFO 08/12 09:44:24 PM Table under section: Statistics
INFO 08/12 09:44:24 PM Headers Found
INFO 08/12 09:44:24 PM Data refined
INFO 08/12 09:44:24 PM Rows extracted: 16
INFO 08/12 09:44:24 PM Data extracted for this table: 285
INFO 08/12 09:44:24 PM Header: Year mapped with: Year
INFO 08/12 09:44:24 PM Header: Age mapped with: age
INFO 08/12 09:44:24 PM Header: Team mapped with: team
INFO 08/12 09:44:25 PM Header: Lg mapped with: MinorLeagueLevel
INFO 08/12 09:44:25 PM Header: G mapped with: Games
INFO 08/12 09:44:25 PM Header: AB mapped with: AtBats
INFO 08/12 09:44:25 PM Header: R mapped with: Runs
INFO 08/12 09:44:25 PM Header: H mapped with: Hits
INFO 08/12 09:44:25 PM Header: 2B mapped with: Doubles
INFO 08/12 09:44:25 PM Header: 3B mapped with: Triples
INFO 08/12 09:44:25 PM Header: HR mapped with: HomeRuns
INFO 08/12 09:44:25 PM Header: RBI mapped with: RunsBattedIn
INFO 08/12 09:44:25 PM Header: SB mapped with: StolenBases
INFO 08/12 09:44:25 PM Header: SO mapped with: StrikeOuts
INFO 08/12 09:44:25 PM Key BA not found. Check actual dictionary on mapping_rules.py
INFO 08/12 09:44:25 PM Header: OBP mapped with: OnBasePercentage
INFO 08/12 09:44:25 PM Header: SLG mapped with: SluggingPercentage
INFO 08/12 09:44:25 PM Header: OPS mapped with: OnBasePlusSlugging
INFO 08/12 09:44:28 PM Table under section: Overall record
INFO 08/12 09:44:28 PM Headers Found
INFO 08/12 09:44:28 PM Data refined
INFO 08/12 09:44:28 PM Rows extracted: 6
INFO 08/12 09:44:28 PM Data extracted for this table: 66
INFO 08/12 09:44:28 PM Header: Team mapped with: team
INFO 08/12 09:44:28 PM Header: From mapped with: from
INFO 08/12 09:44:28 PM Header: To mapped with: to
INFO 08/12 09:44:28 PM Header: Regular season record - G mapped with: BaseballSeasonGames
INFO 08/12 09:44:28 PM Header: Regular season record - W mapped with: BaseballSeasonWon
INFO 08/12 09:44:28 PM Header: Regular season record - L mapped with: BaseballSeasonLost
INFO 08/12 09:44:28 PM Header: Regular season record - Win% mapped with: BaseballSeasonWonPercentage
INFO 08/12 09:44:28 PM Header: Post-season record - G mapped with: PostSeasonGames
INFO 08/12 09:44:28 PM Header: Post-season record - W mapped with: PostSeasonWon
INFO 08/12 09:44:28 PM Header: Post-season record - L mapped with: PostSeasonLost
INFO 08/12 09:44:28 PM Header: Post-season record - Win% mapped with: PostSeasonWonPercentage
INFO 08/12 09:44:28 PM Table under section: New York Giants managerial record
INFO 08/12 09:44:28 PM Headers Found
INFO 08/12 09:44:28 PM Data refined
INFO 08/12 09:44:28 PM Rows extracted: 4
INFO 08/12 09:44:28 PM Data extracted for this table: 40
INFO 08/12 09:44:28 PM Section New York Giants managerial record not found. Check actual dictionary
INFO 08/12 09:44:32 PM Lists found under Sections: ['See also', 'Sources', 'Further reading', 'External links']
INFO 08/12 09:44:32 PM Analyzing A._J._Hinch
INFO 08/12 09:44:32 PM Analyzing resource: A._J._Hinch
INFO 08/12 09:44:32 PM Table under section: Managerial record
INFO 08/12 09:44:32 PM Headers Found
INFO 08/12 09:44:32 PM Data refined
INFO 08/12 09:44:32 PM Rows extracted: 2
INFO 08/12 09:44:32 PM Data extracted for this table: 22
INFO 08/12 09:44:32 PM Header: Team mapped with: team
INFO 08/12 09:44:33 PM Header: From mapped with: from
INFO 08/12 09:44:33 PM Header: To mapped with: to
INFO 08/12 09:44:33 PM Header: Regular season record - G mapped with: BaseballSeasonGames
INFO 08/12 09:44:33 PM Header: Regular season record - W mapped with: BaseballSeasonWon
INFO 08/12 09:44:33 PM Header: Regular season record - L mapped with: BaseballSeasonLost
INFO 08/12 09:44:33 PM Header: Regular season record - Win% mapped with: BaseballSeasonWonPercentage
INFO 08/12 09:44:33 PM Header: Post-season record - G mapped with: PostSeasonGames
INFO 08/12 09:44:33 PM Header: Post-season record - W mapped with: PostSeasonWon
INFO 08/12 09:44:33 PM Header: Post-season record - L mapped with: PostSeasonLost
INFO 08/12 09:44:33 PM Header: Post-season record - Win% mapped with: PostSeasonWonPercentage
INFO 08/12 09:44:36 PM Lists found under Sections: ['External links']
INFO 08/12 09:44:36 PM Analyzing Earl_Weaver
INFO 08/12 09:44:37 PM Analyzing resource: Earl_Weaver
INFO 08/12 09:44:37 PM Table under section: Managerial record
INFO 08/12 09:44:37 PM Headers Found
INFO 08/12 09:44:37 PM Data refined
INFO 08/12 09:44:37 PM Rows extracted: 2
INFO 08/12 09:44:37 PM Data extracted for this table: 18
INFO 08/12 09:44:37 PM Header: Team mapped with: team
INFO 08/12 09:44:37 PM Header: From mapped with: from
INFO 08/12 09:44:37 PM Header: To mapped with: to
INFO 08/12 09:44:37 PM Header: Regular season record - W mapped with: BaseballSeasonWon
INFO 08/12 09:44:37 PM Header: Regular season record - L mapped with: BaseballSeasonLost
INFO 08/12 09:44:37 PM Header: Regular season record - Win% mapped with: BaseballSeasonWonPercentage
INFO 08/12 09:44:37 PM Header: Post-season record - W mapped with: PostSeasonWon
INFO 08/12 09:44:37 PM Header: Post-season record - L mapped with: PostSeasonLost
INFO 08/12 09:44:37 PM Header: Post-season record - Win% mapped with: PostSeasonWonPercentage
INFO 08/12 09:44:40 PM Lists found under Sections: ['See also']
INFO 08/12 09:44:40 PM Analyzing Bobby_Cox
INFO 08/12 09:44:41 PM Analyzing resource: Bobby_Cox
INFO 08/12 09:44:41 PM Table under section: Managerial record
INFO 08/12 09:44:41 PM Headers Found
INFO 08/12 09:44:41 PM Data refined
INFO 08/12 09:44:41 PM Rows extracted: 3
INFO 08/12 09:44:41 PM Data extracted for this table: 33
INFO 08/12 09:44:41 PM Header: Team mapped with: team
INFO 08/12 09:44:41 PM Header: From mapped with: from
INFO 08/12 09:44:41 PM Header: To mapped with: to
INFO 08/12 09:44:41 PM Header: Regular season record - G mapped with: BaseballSeasonGames
INFO 08/12 09:44:41 PM Header: Regular season record - W mapped with: BaseballSeasonWon
INFO 08/12 09:44:41 PM Header: Regular season record - L mapped with: BaseballSeasonLost
INFO 08/12 09:44:41 PM Header: Regular season record - Win% mapped with: BaseballSeasonWonPercentage
INFO 08/12 09:44:41 PM Header: Post-season record - G mapped with: PostSeasonGames
INFO 08/12 09:44:41 PM Header: Post-season record - W mapped with: PostSeasonWon
INFO 08/12 09:44:41 PM Header: Post-season record - L mapped with: PostSeasonLost
INFO 08/12 09:44:41 PM Header: Post-season record - Win% mapped with: PostSeasonWonPercentage
INFO 08/12 09:44:46 PM Lists found under Sections: ['See also']
INFO 08/12 09:44:46 PM Analyzing Terry_Francona
INFO 08/12 09:44:47 PM Analyzing resource: Terry_Francona
INFO 08/12 09:44:47 PM Table under section: Managerial record
INFO 08/12 09:44:47 PM Headers Found
INFO 08/12 09:44:47 PM Data refined
INFO 08/12 09:44:47 PM Rows extracted: 3
INFO 08/12 09:44:47 PM Data extracted for this table: 33
INFO 08/12 09:44:47 PM Header: Team mapped with: team
INFO 08/12 09:44:47 PM Header: From mapped with: from
INFO 08/12 09:44:47 PM Header: To mapped with: to
INFO 08/12 09:44:47 PM Header: Regular season record - G mapped with: BaseballSeasonGames
INFO 08/12 09:44:47 PM Header: Regular season record - W mapped with: BaseballSeasonWon
INFO 08/12 09:44:47 PM Header: Regular season record - L mapped with: BaseballSeasonLost
INFO 08/12 09:44:47 PM Header: Regular season record - Win% mapped with: BaseballSeasonWonPercentage
INFO 08/12 09:44:47 PM Header: Post-season record - G mapped with: PostSeasonGames
INFO 08/12 09:44:47 PM Header: Post-season record - W mapped with: PostSeasonWon
INFO 08/12 09:44:47 PM Header: Post-season record - L mapped with: PostSeasonLost
INFO 08/12 09:44:47 PM Header: Post-season record - Win% mapped with: PostSeasonWonPercentage
INFO 08/12 09:44:51 PM Lists found under Sections: ['See also']
INFO 08/12 09:44:51 PM Analyzing Clint_Hurdle
INFO 08/12 09:44:52 PM Analyzing resource: Clint_Hurdle
INFO 08/12 09:44:52 PM Table under section: Managerial record
INFO 08/12 09:44:52 PM Headers Found
INFO 08/12 09:44:52 PM Data refined
INFO 08/12 09:44:52 PM Rows extracted: 2
INFO 08/12 09:44:52 PM Data extracted for this table: 18
INFO 08/12 09:44:52 PM Header: Team mapped with: team
INFO 08/12 09:44:52 PM Header: From mapped with: from
INFO 08/12 09:44:52 PM Header: To mapped with: to
INFO 08/12 09:44:52 PM Header: Regular season record - W mapped with: BaseballSeasonWon
INFO 08/12 09:44:52 PM Header: Regular season record - L mapped with: BaseballSeasonLost
INFO 08/12 09:44:52 PM Header: Regular season record - Win% mapped with: BaseballSeasonWonPercentage
INFO 08/12 09:44:52 PM Header: Post-season record - W mapped with: PostSeasonWon
INFO 08/12 09:44:52 PM Header: Post-season record - L mapped with: PostSeasonLost
INFO 08/12 09:44:52 PM Header: Post-season record - Win% mapped with: PostSeasonWonPercentage
INFO 08/12 09:44:55 PM Lists found under Sections: ['See also', 'External links']
INFO 08/12 09:44:55 PM Analyzing Matt_Harvey
INFO 08/12 09:44:56 PM Analyzing resource: Matt_Harvey
INFO 08/12 09:44:56 PM No Tables found for this resource.
INFO 08/12 09:44:59 PM Lists found under Sections: ['Awards and honors - Minor leagues', 'Awards and honors - Major league', 'External links']
INFO 08/12 09:45:04 PM Analyzing Mickey_Mantle
INFO 08/12 09:45:05 PM Analyzing resource: Mickey_Mantle
INFO 08/12 09:45:05 PM Table under section: Awards and achievements
INFO 08/12 09:45:05 PM Headers Found
INFO 08/12 09:45:05 PM Data refined
INFO 08/12 09:45:05 PM Rows extracted: 10
INFO 08/12 09:45:05 PM Data extracted for this table: 40
INFO 08/12 09:45:05 PM Section Awards and achievements not found. Check actual dictionary
INFO 08/12 09:45:09 PM Lists found under Sections: ['See also', 'References', 'External links']
INFO 08/12 09:45:09 PM Analyzing David_Ortiz
INFO 08/12 09:45:09 PM Analyzing resource: David_Ortiz
INFO 08/12 09:45:09 PM Table under section: 
INFO 08/12 09:45:09 PM Headers Found
INFO 08/12 09:45:09 PM Data refined
INFO 08/12 09:45:09 PM Rows extracted: 2
INFO 08/12 09:45:09 PM Data extracted for this table: 8
INFO 08/12 09:45:09 PM Section  not found. Check actual dictionary
INFO 08/12 09:45:09 PM Table under section: 
INFO 08/12 09:45:09 PM Headers Found
INFO 08/12 09:45:09 PM Data refined
INFO 08/12 09:45:09 PM Rows extracted: 2
INFO 08/12 09:45:09 PM Data extracted for this table: 6
INFO 08/12 09:45:09 PM Section  not found. Check actual dictionary
INFO 08/12 09:45:09 PM Table under section: 
INFO 08/12 09:45:09 PM Headers Found
INFO 08/12 09:45:09 PM Data refined
INFO 08/12 09:45:09 PM Rows extracted: 13
INFO 08/12 09:45:09 PM Data extracted for this table: 52
INFO 08/12 09:45:09 PM Section  not found. Check actual dictionary
INFO 08/12 09:45:09 PM Table under section: Annual statistical achievements
INFO 08/12 09:45:09 PM Headers Found
INFO 08/12 09:45:09 PM Data refined
INFO 08/12 09:45:09 PM Rows extracted: 9
INFO 08/12 09:45:09 PM Data extracted for this table: 36
INFO 08/12 09:45:09 PM Header: Category mapped with: category
INFO 08/12 09:45:09 PM Header: Times mapped with: Count
INFO 08/12 09:45:09 PM Header: Dates mapped with: TimePeriod
INFO 08/12 09:45:09 PM Header: Ref mapped with: reference
INFO 08/12 09:45:13 PM Lists found under Sections: ['Career highlights - Records', 'Career highlights - Distinctions', 'Career highlights - Other accomplishments', 'See also', 'External links']
INFO 08/12 09:45:15 PM Analyzing Willie_Mays
INFO 08/12 09:45:15 PM Analyzing resource: Willie_Mays
INFO 08/12 09:45:15 PM No Tables found for this resource.
INFO 08/12 09:45:19 PM Lists found under Sections: ['References', 'External links']
INFO 08/12 09:45:19 PM Analyzing Giancarlo_Stanton
INFO 08/12 09:45:19 PM Analyzing resource: Giancarlo_Stanton
INFO 08/12 09:45:19 PM No Tables found for this resource.
INFO 08/12 09:45:23 PM Lists found under Sections: ['See also', 'External links']
INFO 08/12 09:45:23 PM Analyzing Nolan_Ryan
INFO 08/12 09:45:24 PM Analyzing resource: Nolan_Ryan
INFO 08/12 09:45:24 PM Table under section: Nohitters
INFO 08/12 09:45:24 PM Headers Found
INFO 08/12 09:45:24 PM Data refined
INFO 08/12 09:45:24 PM Rows extracted: 7
INFO 08/12 09:45:24 PM Data extracted for this table: 56
INFO 08/12 09:45:24 PM Section Nohitters not found. Check actual dictionary
INFO 08/12 09:45:27 PM Lists found under Sections: ['See also', 'References - General references', 'External links']
INFO 08/12 09:45:27 PM There are 6 sections and sections without mapping rules
INFO 08/12 09:45:27 PM There are 34 headers and sections without mapping rules
INFO 08/12 09:45:27 PM There are 138 list sections extracted
INFO 08/12 09:45:27 PM There are 631 list sections found
INFO 08/12 09:45:27 PM End Of File reached, now you can serialize the graph
INFO 08/12 09:45:27 PM Triples in the graph: 1664
INFO 08/12 09:45:27 PM Graph serialized, filename: /Users/sachinmalepati/Documents/Dbpedia/tablist-extractor/Extracted/2018_08_12-21_45_T_Ext_en_BaseballPlayer.ttl
INFO 08/12 09:45:27 PM REPORT:
INFO 08/12 09:45:27 PM +           Total # resources analyzed: 25
INFO 08/12 09:45:27 PM +           Total # tables found : 25
INFO 08/12 09:45:27 PM +           Total # tables analyzed : 25
INFO 08/12 09:45:27 PM +           Total # of table rows extracted: 236
INFO 08/12 09:45:27 PM +           Total # of table data cells extracted : 1207
INFO 08/12 09:45:27 PM +           Total # of exceptions extracting table's data : 0
INFO 08/12 09:45:27 PM +           Total # of 'header not resolved' errors : 0
INFO 08/12 09:45:27 PM +           Total # of 'no headers' errors : 3
INFO 08/12 09:45:27 PM +           Total # of list sections found : 68
INFO 08/12 09:45:27 PM +           Total # of 'no mapping rule' errors for section : 6
INFO 08/12 09:45:27 PM +           Total # of 'no mapping rule' errors for headers : 34
INFO 08/12 09:45:27 PM +           Total # of data cells extracted that needs to be mapped: 1207
INFO 08/12 09:45:27 PM +           Total # of table's rows triples serialized : 198
INFO 08/12 09:45:27 PM +           Total # of table's cells triples serialized : 990
INFO 08/12 09:45:27 PM +           Total # of triples serialized : 1188
INFO 08/12 09:45:27 PM +           Percentage of table mapping effectiveness  : 0.820
INFO 08/12 09:45:27 PM +           Total # of lists elements found : 631
INFO 08/12 09:45:27 PM +           Total # of list elements extracted : 138
INFO 08/12 09:45:27 PM +           Percentage of list mapping effectiveness  : 0.219
INFO 08/12 10:38:02 PM You're analyzing wiki lists and tables of wiki chapter: en, source: BaseballPlayer
INFO 08/12 10:38:02 PM Analyzing Mike_Trout
INFO 08/12 10:38:02 PM Analyzing resource: Mike_Trout
INFO 08/12 10:38:02 PM Table under section: Statistical achievements
INFO 08/12 10:38:02 PM Headers Found
INFO 08/12 10:38:02 PM Data refined
INFO 08/12 10:38:02 PM Rows extracted: 12
INFO 08/12 10:38:02 PM Data extracted for this table: 36
INFO 08/12 10:38:02 PM Header: Category mapped with: category
INFO 08/12 10:38:02 PM Header: Times mapped with: Count
INFO 08/12 10:38:02 PM Header: Seasons mapped with: BaseballSeason
INFO 08/12 10:38:07 PM Lists found under Sections: ['Awards and achievements - Awards and exhibition team selections', 'See also', 'External links']
INFO 08/12 10:38:21 PM Analyzing Babe_Ruth
INFO 08/12 10:38:22 PM Analyzing resource: Babe_Ruth
INFO 08/12 10:38:22 PM No Tables found for this resource.
INFO 08/12 10:38:26 PM Lists found under Sections: ['See also', 'Bibliography', 'Further reading - Articles', 'Further reading - Books', 'External links']
INFO 08/12 10:38:26 PM Analyzing Cy_Young
INFO 08/12 10:38:26 PM Analyzing resource: Cy_Young
INFO 08/12 10:38:26 PM No Tables found for this resource.
INFO 08/12 10:38:30 PM Lists found under Sections: ['See also', 'Notes', 'External links']
INFO 08/12 10:38:30 PM Analyzing Jake_Arrieta
INFO 08/12 10:38:30 PM Analyzing resource: Jake_Arrieta
INFO 08/12 10:38:30 PM Table under section: Accomplishments and awards
INFO 08/12 10:38:30 PM Headers Found
INFO 08/12 10:38:30 PM Data refined
INFO 08/12 10:38:30 PM Rows extracted: 26
INFO 08/12 10:38:30 PM Data extracted for this table: 78
INFO 08/12 10:38:30 PM Header: Award/Honor mapped with: award
INFO 08/12 10:38:30 PM Header: Date mapped with: date
INFO 08/12 10:38:30 PM Header: Ref mapped with: reference
INFO 08/12 10:38:33 PM Lists found under Sections: ['External links']
INFO 08/12 10:38:33 PM Analyzing Zack_Greinke
INFO 08/12 10:38:34 PM Analyzing resource: Zack_Greinke
INFO 08/12 10:38:34 PM No Tables found for this resource.
INFO 08/12 10:38:37 PM Lists found under Sections: ['Pitching style', 'See also']
INFO 08/12 10:38:41 PM Analyzing Jackie_Robinson
INFO 08/12 10:38:42 PM Analyzing resource: Jackie_Robinson
INFO 08/12 10:38:42 PM No Tables found for this resource.
INFO 08/12 10:38:46 PM Lists found under Sections: ['Legacy - Portrayals on stage, film and television', 'See also', 'References - Bibliography', 'Further reading', 'External links']
INFO 08/12 10:38:51 PM Analyzing Bryce_Harper
INFO 08/12 10:38:51 PM Analyzing resource: Bryce_Harper
INFO 08/12 10:38:51 PM Table under section: Career accomplishments
INFO 08/12 10:38:51 PM Headers Found
INFO 08/12 10:38:51 PM Data refined
INFO 08/12 10:38:51 PM Rows extracted: 25
INFO 08/12 10:38:51 PM Data extracted for this table: 75
INFO 08/12 10:38:51 PM Header: Year mapped with: Year
INFO 08/12 10:38:51 PM Header: Award / Honor mapped with: award
INFO 08/12 10:38:51 PM Header: Refs mapped with: reference
INFO 08/12 10:39:04 PM Lists found under Sections: ['External links']
INFO 08/12 10:39:04 PM Analyzing Barry_Bonds
INFO 08/12 10:39:04 PM Analyzing resource: Barry_Bonds
INFO 08/12 10:39:04 PM Table under section: Other accomplishments
INFO 08/12 10:39:04 PM Headers Found
INFO 08/12 10:39:04 PM Data refined
INFO 08/12 10:39:04 PM Rows extracted: 13
INFO 08/12 10:39:04 PM Data extracted for this table: 39
INFO 08/12 10:39:04 PM Header: Category mapped with: category
INFO 08/12 10:39:04 PM Header: Times mapped with: Count
INFO 08/12 10:39:04 PM Header: Seasons mapped with: BaseballSeason
INFO 08/12 10:39:04 PM Table under section: Other accomplishments
INFO 08/12 10:39:04 PM Headers Found
INFO 08/12 10:39:04 PM Data refined
INFO 08/12 10:39:04 PM Rows extracted: 7
INFO 08/12 10:39:04 PM Data extracted for this table: 28
INFO 08/12 10:39:04 PM Header: Award mapped with: Award
INFO 08/12 10:39:04 PM Header: # of Times mapped with: count
INFO 08/12 10:39:04 PM Header: Dates mapped with: TimePeriod
INFO 08/12 10:39:04 PM Header: Refs mapped with: reference
INFO 08/12 10:39:08 PM Lists found under Sections: ['Career distinctions - Records held', 'Career distinctions - Records shared', 'Career distinctions - Other accomplishments', 'See also', 'External links']
INFO 08/12 10:39:13 PM Analyzing Clayton_Kershaw
INFO 08/12 10:39:14 PM Analyzing resource: Clayton_Kershaw
INFO 08/12 10:39:14 PM Table under section: Awards
INFO 08/12 10:39:14 PM Headers Found
INFO 08/12 10:39:14 PM Data refined
INFO 08/12 10:39:14 PM Rows extracted: 22
INFO 08/12 10:39:14 PM Data extracted for this table: 88
INFO 08/12 10:39:14 PM Header: Name of award mapped with: award
INFO 08/12 10:39:14 PM Header: Times mapped with: Count
INFO 08/12 10:39:14 PM Header: Dates mapped with: TimePeriod
INFO 08/12 10:39:14 PM Header: Ref mapped with: reference
INFO 08/12 10:39:14 PM Table under section: Annual statistical achievements
INFO 08/12 10:39:14 PM Headers Found
INFO 08/12 10:39:14 PM Data refined
INFO 08/12 10:39:14 PM Rows extracted: 10
INFO 08/12 10:39:14 PM Data extracted for this table: 30
INFO 08/12 10:39:14 PM Header: Category mapped with: category
INFO 08/12 10:39:14 PM Header: Times mapped with: Count
INFO 08/12 10:39:14 PM Header: Dates mapped with: TimePeriod
INFO 08/12 10:39:18 PM Lists found under Sections: ['See also', 'External links']
INFO 08/12 10:39:18 PM Analyzing Hank_Aaron
INFO 08/12 10:39:19 PM Analyzing resource: Hank_Aaron
INFO 08/12 10:39:19 PM No Tables found for this resource.
INFO 08/12 10:39:22 PM Lists found under Sections: ['See also', 'References', 'External links']
INFO 08/12 10:39:22 PM Analyzing Derek_Jeter
INFO 08/12 10:39:23 PM Analyzing resource: Derek_Jeter
INFO 08/12 10:39:23 PM Table under section: Awards
INFO 08/12 10:39:23 PM Headers Found
INFO 08/12 10:39:23 PM Data refined
INFO 08/12 10:39:23 PM Rows extracted: 40
INFO 08/12 10:39:23 PM Data extracted for this table: 120
INFO 08/12 10:39:23 PM Header: Award / Honor mapped with: award
INFO 08/12 10:39:23 PM Header: Time(s) mapped with: time
INFO 08/12 10:39:23 PM Header: Date(s) mapped with: date
INFO 08/12 10:39:27 PM Lists found under Sections: ['Career highlights - Statistical highlights', 'See also', 'Further reading', 'External links']
INFO 08/12 10:39:28 PM Analyzing Miguel_Cabrera
INFO 08/12 10:39:28 PM Analyzing resource: Miguel_Cabrera
INFO 08/12 10:39:28 PM No Tables found for this resource.
INFO 08/12 10:39:32 PM Lists found under Sections: ['Awards and highlights', 'See also', 'External links']
INFO 08/12 10:39:38 PM Analyzing Stan_Musial
INFO 08/12 10:39:38 PM Analyzing resource: Stan_Musial
INFO 08/12 10:39:38 PM Table under section: Hitting
DEBUG 08/12 10:39:38 PM  E2 Unable to find headers - resource: Stan_Musial
INFO 08/12 10:39:38 PM Table under section: Fielding
DEBUG 08/12 10:39:38 PM  E2 Unable to find headers - resource: Stan_Musial
INFO 08/12 10:39:38 PM Table under section: Value
DEBUG 08/12 10:39:38 PM  E2 Unable to find headers - resource: Stan_Musial
INFO 08/12 10:39:42 PM Lists found under Sections: ['See also', 'Bibliography', 'External links']
INFO 08/12 10:39:42 PM Analyzing John_McGraw
INFO 08/12 10:39:42 PM Analyzing resource: John_McGraw
INFO 08/12 10:39:43 PM Table under section: Statistics
INFO 08/12 10:39:43 PM Headers Found
INFO 08/12 10:39:43 PM Data refined
INFO 08/12 10:39:43 PM Rows extracted: 16
INFO 08/12 10:39:43 PM Data extracted for this table: 285
INFO 08/12 10:39:43 PM Header: Year mapped with: Year
INFO 08/12 10:39:43 PM Header: Age mapped with: age
INFO 08/12 10:39:43 PM Header: Team mapped with: team
INFO 08/12 10:39:43 PM Header: Lg mapped with: MinorLeagueLevel
INFO 08/12 10:39:43 PM Header: G mapped with: Games
INFO 08/12 10:39:43 PM Header: AB mapped with: AtBats
INFO 08/12 10:39:43 PM Header: R mapped with: Runs
INFO 08/12 10:39:43 PM Header: H mapped with: Hits
INFO 08/12 10:39:43 PM Header: 2B mapped with: Doubles
INFO 08/12 10:39:43 PM Header: 3B mapped with: Triples
INFO 08/12 10:39:43 PM Header: HR mapped with: HomeRuns
INFO 08/12 10:39:43 PM Header: RBI mapped with: RunsBattedIn
INFO 08/12 10:39:43 PM Header: SB mapped with: StolenBases
INFO 08/12 10:39:43 PM Header: SO mapped with: StrikeOuts
INFO 08/12 10:39:43 PM Key BA not found. Check actual dictionary on mapping_rules.py
INFO 08/12 10:39:43 PM Header: OBP mapped with: OnBasePercentage
INFO 08/12 10:39:43 PM Header: SLG mapped with: SluggingPercentage
INFO 08/12 10:39:43 PM Header: OPS mapped with: OnBasePlusSlugging
INFO 08/12 10:39:43 PM Table under section: Overall record
INFO 08/12 10:39:43 PM Headers Found
INFO 08/12 10:39:43 PM Data refined
INFO 08/12 10:39:43 PM Rows extracted: 6
INFO 08/12 10:39:43 PM Data extracted for this table: 66
INFO 08/12 10:39:43 PM Header: Team mapped with: team
INFO 08/12 10:39:43 PM Header: From mapped with: from
INFO 08/12 10:39:43 PM Header: To mapped with: to
INFO 08/12 10:39:43 PM Header: Regular season record - G mapped with: BaseballSeasonGames
INFO 08/12 10:39:43 PM Header: Regular season record - W mapped with: BaseballSeasonWon
INFO 08/12 10:39:43 PM Header: Regular season record - L mapped with: BaseballSeasonLost
INFO 08/12 10:39:43 PM Header: Regular season record - Win% mapped with: BaseballSeasonWonPercentage
INFO 08/12 10:39:43 PM Header: Post-season record - G mapped with: PostSeasonGames
INFO 08/12 10:39:43 PM Header: Post-season record - W mapped with: PostSeasonWon
INFO 08/12 10:39:43 PM Header: Post-season record - L mapped with: PostSeasonLost
INFO 08/12 10:39:43 PM Header: Post-season record - Win% mapped with: PostSeasonWonPercentage
INFO 08/12 10:39:43 PM Table under section: New York Giants managerial record
INFO 08/12 10:39:43 PM Headers Found
INFO 08/12 10:39:43 PM Data refined
INFO 08/12 10:39:43 PM Rows extracted: 4
INFO 08/12 10:39:43 PM Data extracted for this table: 40
INFO 08/12 10:39:43 PM Section New York Giants managerial record not found. Check actual dictionary
INFO 08/12 10:39:47 PM Lists found under Sections: ['See also', 'Sources', 'Further reading', 'External links']
INFO 08/12 10:39:47 PM Analyzing A._J._Hinch
INFO 08/12 10:39:47 PM Analyzing resource: A._J._Hinch
INFO 08/12 10:39:47 PM Table under section: Managerial record
INFO 08/12 10:39:47 PM Headers Found
INFO 08/12 10:39:47 PM Data refined
INFO 08/12 10:39:47 PM Rows extracted: 2
INFO 08/12 10:39:47 PM Data extracted for this table: 22
INFO 08/12 10:39:47 PM Header: Team mapped with: team
INFO 08/12 10:39:47 PM Header: From mapped with: from
INFO 08/12 10:39:47 PM Header: To mapped with: to
INFO 08/12 10:39:47 PM Header: Regular season record - G mapped with: BaseballSeasonGames
INFO 08/12 10:39:47 PM Header: Regular season record - W mapped with: BaseballSeasonWon
INFO 08/12 10:39:47 PM Header: Regular season record - L mapped with: BaseballSeasonLost
INFO 08/12 10:39:47 PM Header: Regular season record - Win% mapped with: BaseballSeasonWonPercentage
INFO 08/12 10:39:47 PM Header: Post-season record - G mapped with: PostSeasonGames
INFO 08/12 10:39:47 PM Header: Post-season record - W mapped with: PostSeasonWon
INFO 08/12 10:39:47 PM Header: Post-season record - L mapped with: PostSeasonLost
INFO 08/12 10:39:47 PM Header: Post-season record - Win% mapped with: PostSeasonWonPercentage
INFO 08/12 10:39:52 PM Lists found under Sections: ['External links']
INFO 08/12 10:39:52 PM Analyzing Earl_Weaver
INFO 08/12 10:39:52 PM Analyzing resource: Earl_Weaver
INFO 08/12 10:39:52 PM Table under section: Managerial record
INFO 08/12 10:39:52 PM Headers Found
INFO 08/12 10:39:52 PM Data refined
INFO 08/12 10:39:52 PM Rows extracted: 2
INFO 08/12 10:39:52 PM Data extracted for this table: 18
INFO 08/12 10:39:52 PM Header: Team mapped with: team
INFO 08/12 10:39:52 PM Header: From mapped with: from
INFO 08/12 10:39:52 PM Header: To mapped with: to
INFO 08/12 10:39:52 PM Header: Regular season record - W mapped with: BaseballSeasonWon
INFO 08/12 10:39:52 PM Header: Regular season record - L mapped with: BaseballSeasonLost
INFO 08/12 10:39:52 PM Header: Regular season record - Win% mapped with: BaseballSeasonWonPercentage
INFO 08/12 10:39:52 PM Header: Post-season record - W mapped with: PostSeasonWon
INFO 08/12 10:39:52 PM Header: Post-season record - L mapped with: PostSeasonLost
INFO 08/12 10:39:52 PM Header: Post-season record - Win% mapped with: PostSeasonWonPercentage
INFO 08/12 10:39:58 PM Lists found under Sections: ['See also']
INFO 08/12 10:39:58 PM Analyzing Bobby_Cox
INFO 08/12 10:39:58 PM Analyzing resource: Bobby_Cox
INFO 08/12 10:39:58 PM Table under section: Managerial record
INFO 08/12 10:39:58 PM Headers Found
INFO 08/12 10:39:58 PM Data refined
INFO 08/12 10:39:58 PM Rows extracted: 3
INFO 08/12 10:39:58 PM Data extracted for this table: 33
INFO 08/12 10:39:58 PM Header: Team mapped with: team
INFO 08/12 10:39:58 PM Header: From mapped with: from
INFO 08/12 10:39:58 PM Header: To mapped with: to
INFO 08/12 10:39:58 PM Header: Regular season record - G mapped with: BaseballSeasonGames
INFO 08/12 10:39:58 PM Header: Regular season record - W mapped with: BaseballSeasonWon
INFO 08/12 10:39:58 PM Header: Regular season record - L mapped with: BaseballSeasonLost
INFO 08/12 10:39:58 PM Header: Regular season record - Win% mapped with: BaseballSeasonWonPercentage
INFO 08/12 10:39:58 PM Header: Post-season record - G mapped with: PostSeasonGames
INFO 08/12 10:39:58 PM Header: Post-season record - W mapped with: PostSeasonWon
INFO 08/12 10:39:58 PM Header: Post-season record - L mapped with: PostSeasonLost
INFO 08/12 10:39:58 PM Header: Post-season record - Win% mapped with: PostSeasonWonPercentage
INFO 08/12 10:40:03 PM Lists found under Sections: ['See also']
INFO 08/12 10:40:03 PM Analyzing Terry_Francona
INFO 08/12 10:40:04 PM Analyzing resource: Terry_Francona
INFO 08/12 10:40:04 PM Table under section: Managerial record
INFO 08/12 10:40:04 PM Headers Found
INFO 08/12 10:40:04 PM Data refined
INFO 08/12 10:40:04 PM Rows extracted: 3
INFO 08/12 10:40:04 PM Data extracted for this table: 33
INFO 08/12 10:40:04 PM Header: Team mapped with: team
INFO 08/12 10:40:04 PM Header: From mapped with: from
INFO 08/12 10:40:04 PM Header: To mapped with: to
INFO 08/12 10:40:04 PM Header: Regular season record - G mapped with: BaseballSeasonGames
INFO 08/12 10:40:04 PM Header: Regular season record - W mapped with: BaseballSeasonWon
INFO 08/12 10:40:04 PM Header: Regular season record - L mapped with: BaseballSeasonLost
INFO 08/12 10:40:04 PM Header: Regular season record - Win% mapped with: BaseballSeasonWonPercentage
INFO 08/12 10:40:04 PM Header: Post-season record - G mapped with: PostSeasonGames
INFO 08/12 10:40:04 PM Header: Post-season record - W mapped with: PostSeasonWon
INFO 08/12 10:40:04 PM Header: Post-season record - L mapped with: PostSeasonLost
INFO 08/12 10:40:04 PM Header: Post-season record - Win% mapped with: PostSeasonWonPercentage
INFO 08/12 10:40:08 PM Lists found under Sections: ['See also']
INFO 08/12 10:40:08 PM Analyzing Clint_Hurdle
INFO 08/12 10:40:09 PM Analyzing resource: Clint_Hurdle
INFO 08/12 10:40:09 PM Table under section: Managerial record
INFO 08/12 10:40:09 PM Headers Found
INFO 08/12 10:40:09 PM Data refined
INFO 08/12 10:40:09 PM Rows extracted: 2
INFO 08/12 10:40:09 PM Data extracted for this table: 18
INFO 08/12 10:40:09 PM Header: Team mapped with: team
INFO 08/12 10:40:09 PM Header: From mapped with: from
INFO 08/12 10:40:09 PM Header: To mapped with: to
INFO 08/12 10:40:09 PM Header: Regular season record - W mapped with: BaseballSeasonWon
INFO 08/12 10:40:09 PM Header: Regular season record - L mapped with: BaseballSeasonLost
INFO 08/12 10:40:09 PM Header: Regular season record - Win% mapped with: BaseballSeasonWonPercentage
INFO 08/12 10:40:09 PM Header: Post-season record - W mapped with: PostSeasonWon
INFO 08/12 10:40:09 PM Header: Post-season record - L mapped with: PostSeasonLost
INFO 08/12 10:40:09 PM Header: Post-season record - Win% mapped with: PostSeasonWonPercentage
INFO 08/12 10:40:17 PM Lists found under Sections: ['See also', 'External links']
INFO 08/12 10:40:17 PM Analyzing Matt_Harvey
INFO 08/12 10:40:17 PM Analyzing resource: Matt_Harvey
INFO 08/12 10:40:17 PM No Tables found for this resource.
INFO 08/12 10:40:23 PM Lists found under Sections: ['Awards and honors - Minor leagues', 'Awards and honors - Major league', 'External links']
INFO 08/12 10:40:28 PM Analyzing Mickey_Mantle
INFO 08/12 10:40:28 PM Analyzing resource: Mickey_Mantle
INFO 08/12 10:40:28 PM Table under section: Awards and achievements
INFO 08/12 10:40:28 PM Headers Found
INFO 08/12 10:40:28 PM Data refined
INFO 08/12 10:40:28 PM Rows extracted: 10
INFO 08/12 10:40:28 PM Data extracted for this table: 40
INFO 08/12 10:40:28 PM Section Awards and achievements not found. Check actual dictionary
INFO 08/12 10:40:32 PM Lists found under Sections: ['See also', 'References', 'External links']
INFO 08/12 10:40:32 PM Analyzing David_Ortiz
INFO 08/12 10:40:33 PM Analyzing resource: David_Ortiz
INFO 08/12 10:40:33 PM Table under section: 
INFO 08/12 10:40:33 PM Headers Found
INFO 08/12 10:40:33 PM Data refined
INFO 08/12 10:40:33 PM Rows extracted: 2
INFO 08/12 10:40:33 PM Data extracted for this table: 8
INFO 08/12 10:40:33 PM Section  not found. Check actual dictionary
INFO 08/12 10:40:33 PM Table under section: 
INFO 08/12 10:40:33 PM Headers Found
INFO 08/12 10:40:33 PM Data refined
INFO 08/12 10:40:33 PM Rows extracted: 2
INFO 08/12 10:40:33 PM Data extracted for this table: 6
INFO 08/12 10:40:33 PM Section  not found. Check actual dictionary
INFO 08/12 10:40:33 PM Table under section: 
INFO 08/12 10:40:33 PM Headers Found
INFO 08/12 10:40:33 PM Data refined
INFO 08/12 10:40:33 PM Rows extracted: 13
INFO 08/12 10:40:33 PM Data extracted for this table: 52
INFO 08/12 10:40:33 PM Section  not found. Check actual dictionary
INFO 08/12 10:40:33 PM Table under section: Annual statistical achievements
INFO 08/12 10:40:33 PM Headers Found
INFO 08/12 10:40:33 PM Data refined
INFO 08/12 10:40:33 PM Rows extracted: 9
INFO 08/12 10:40:33 PM Data extracted for this table: 36
INFO 08/12 10:40:33 PM Header: Category mapped with: category
INFO 08/12 10:40:33 PM Header: Times mapped with: Count
INFO 08/12 10:40:33 PM Header: Dates mapped with: TimePeriod
INFO 08/12 10:40:33 PM Header: Ref mapped with: reference
INFO 08/12 10:40:37 PM Lists found under Sections: ['Career highlights - Records', 'Career highlights - Distinctions', 'Career highlights - Other accomplishments', 'See also', 'External links']
INFO 08/12 10:40:39 PM Analyzing Willie_Mays
INFO 08/12 10:40:39 PM Analyzing resource: Willie_Mays
INFO 08/12 10:40:39 PM No Tables found for this resource.
INFO 08/12 10:40:47 PM Lists found under Sections: ['References', 'External links']
INFO 08/12 10:40:47 PM Analyzing Giancarlo_Stanton
INFO 08/12 10:40:47 PM Analyzing resource: Giancarlo_Stanton
INFO 08/12 10:40:47 PM No Tables found for this resource.
INFO 08/12 10:40:51 PM Lists found under Sections: ['See also', 'External links']
INFO 08/12 10:40:51 PM Analyzing Nolan_Ryan
INFO 08/12 10:40:51 PM Analyzing resource: Nolan_Ryan
INFO 08/12 10:40:51 PM Table under section: Nohitters
INFO 08/12 10:40:51 PM Headers Found
INFO 08/12 10:40:51 PM Data refined
INFO 08/12 10:40:51 PM Rows extracted: 7
INFO 08/12 10:40:51 PM Data extracted for this table: 56
INFO 08/12 10:40:51 PM Section Nohitters not found. Check actual dictionary
INFO 08/12 10:40:58 PM Lists found under Sections: ['See also', 'References - General references', 'External links']
INFO 08/12 10:40:58 PM There are 6 sections and sections without mapping rules
INFO 08/12 10:40:58 PM There are 34 headers and sections without mapping rules
INFO 08/12 10:40:58 PM There are 138 list sections extracted
INFO 08/12 10:40:58 PM There are 631 list sections found
INFO 08/12 10:40:58 PM End Of File reached, now you can serialize the graph
INFO 08/12 10:40:59 PM Triples in the graph: 1664
INFO 08/12 10:40:59 PM Graph serialized, filename: /Users/sachinmalepati/Documents/Dbpedia/tablist-extractor/Extracted/2018_08_12-22_40_T_Ext_en_BaseballPlayer.ttl
INFO 08/12 10:40:59 PM REPORT:
INFO 08/12 10:40:59 PM +           Total # resources analyzed: 25
INFO 08/12 10:40:59 PM +           Total # tables found : 25
INFO 08/12 10:40:59 PM +           Total # tables analyzed : 25
INFO 08/12 10:40:59 PM +           Total # of table rows extracted: 236
INFO 08/12 10:40:59 PM +           Total # of table data cells extracted : 1207
INFO 08/12 10:40:59 PM +           Total # of exceptions extracting table's data : 0
INFO 08/12 10:40:59 PM +           Total # of 'header not resolved' errors : 0
INFO 08/12 10:40:59 PM +           Total # of 'no headers' errors : 3
INFO 08/12 10:40:59 PM +           Total # of list sections found : 68
INFO 08/12 10:40:59 PM +           Total # of 'no mapping rule' errors for section : 6
INFO 08/12 10:40:59 PM +           Total # of 'no mapping rule' errors for headers : 34
INFO 08/12 10:40:59 PM +           Total # of data cells extracted that needs to be mapped: 1207
INFO 08/12 10:40:59 PM +           Total # of table's rows triples serialized : 198
INFO 08/12 10:40:59 PM +           Total # of table's cells triples serialized : 990
INFO 08/12 10:40:59 PM +           Total # of triples serialized : 1188
INFO 08/12 10:40:59 PM +           Percentage of table mapping effectiveness  : 0.820
INFO 08/12 10:40:59 PM +           Total # of lists elements found : 631
INFO 08/12 10:40:59 PM +           Total # of list elements extracted : 138
INFO 08/12 10:40:59 PM +           Percentage of list mapping effectiveness  : 0.219
