INFO 06/08 11:22:09 PM You're analyzing wiki lists and tables of wiki chapter: en, source: Kobe_Bryant
INFO 06/08 11:22:09 PM Analyzing Kobe_Bryant
INFO 06/08 11:22:10 PM Analyzing resource: Kobe_Bryant
INFO 06/08 11:22:11 PM Table under section: NBA career statistics
DEBUG 06/08 11:22:11 PM  E2 Unable to find headers - resource: Kobe_Bryant
INFO 06/08 11:22:11 PM Table under section: Regular season
INFO 06/08 11:22:11 PM Headers Found
INFO 06/08 11:22:11 PM Data refined
INFO 06/08 11:22:11 PM Rows extracted: 22
INFO 06/08 11:22:11 PM Data extracted for this table: 286
INFO 06/08 11:22:11 PM Header: MPG mapped with: minutesPerGame
INFO 06/08 11:22:11 PM Header: GS mapped with: gamesStarted
INFO 06/08 11:22:11 PM Header: BPG mapped with: blocksPerGame
INFO 06/08 11:22:11 PM Header: GP mapped with: gamesPlayed
INFO 06/08 11:22:11 PM Header: Year mapped with: Year
INFO 06/08 11:22:11 PM Header: APG mapped with: assistsPerGame
INFO 06/08 11:22:11 PM Header: FT% mapped with: freeThrow
INFO 06/08 11:22:11 PM Header: RPG mapped with: reboundsPerGame
INFO 06/08 11:22:11 PM Header: Team mapped with: team
INFO 06/08 11:22:11 PM Header: FG% mapped with: fieldGoal
INFO 06/08 11:22:11 PM Header: PPG mapped with: pointsPerGame
INFO 06/08 11:22:11 PM Header: 3P% mapped with: threePoints
INFO 06/08 11:22:11 PM Header: SPG mapped with: stolePerGame
INFO 06/08 11:22:13 PM Table under section: Playoffs
INFO 06/08 11:22:13 PM Headers Found
INFO 06/08 11:22:13 PM Data refined
INFO 06/08 11:22:13 PM Rows extracted: 16
INFO 06/08 11:22:13 PM Data extracted for this table: 208
INFO 06/08 11:22:13 PM Header: MPG mapped with: minutesPerGame
INFO 06/08 11:22:13 PM Header: GS mapped with: gamesStarted
INFO 06/08 11:22:13 PM Header: BPG mapped with: blocksPerGame
INFO 06/08 11:22:13 PM Header: GP mapped with: gamesPlayed
INFO 06/08 11:22:13 PM Header: Year mapped with: Year
INFO 06/08 11:22:13 PM Header: APG mapped with: assistsPerGame
INFO 06/08 11:22:13 PM Header: FT% mapped with: freeThrow
INFO 06/08 11:22:13 PM Header: RPG mapped with: reboundsPerGame
INFO 06/08 11:22:13 PM Header: Team mapped with: team
INFO 06/08 11:22:13 PM Header: FG% mapped with: fieldGoal
INFO 06/08 11:22:13 PM Header: PPG mapped with: pointsPerGame
INFO 06/08 11:22:13 PM Header: 3P% mapped with: threePoints
INFO 06/08 11:22:13 PM Header: SPG mapped with: stolePerGame
INFO 06/08 11:22:13 PM There are 0 sections and sections without mapping rules
INFO 06/08 11:22:13 PM There are 0 headers and sections without mapping rules
INFO 06/08 11:22:13 PM End Of File reached, now you can serialize the graph
